# JRE version: Java(TM) SE Runtime Environment (8.0_77-b03) (build 1.8.0_77-b03)
# Java VM: Java HotSpot(TM) 64-Bit Server VM (25.77-b03 mixed mode windows-amd64 compressed oops)
Heap:
 PSYoungGen      total 343552K, used 181784K [0x00000000e0000000, 0x00000000fa500000, 0x0000000100000000)
  eden space 314880K, 57% used [0x00000000e0000000,0x00000000eb1861e8,0x00000000f3380000)
  from space 28672K, 0% used [0x00000000f5f80000,0x00000000f5f80000,0x00000000f7b80000)
  to   space 45056K, 0% used [0x00000000f3380000,0x00000000f3380000,0x00000000f5f80000)
 ParOldGen       total 204288K, used 90739K [0x00000000a0000000, 0x00000000ac780000, 0x00000000e0000000)
  object space 204288K, 44% used [0x00000000a0000000,0x00000000a589cf60,0x00000000ac780000)
 Metaspace       used 68097K, capacity 69998K, committed 70272K, reserved 1110016K
  class space    used 8713K, capacity 9057K, committed 9088K, reserved 1048576K
GC Heap History (10 events):
Event: 78.328 GC heap before
{Heap before GC invocations=18 (full 3):
 PSYoungGen      total 266752K, used 266736K [0x00000000e0000000, 0x00000000f2400000, 0x0000000100000000)
  eden space 246784K, 100% used [0x00000000e0000000,0x00000000ef100000,0x00000000ef100000)
  from space 19968K, 99% used [0x00000000f0880000,0x00000000f1bfc0d8,0x00000000f1c00000)
  to   space 24064K, 0% used [0x00000000ef100000,0x00000000ef100000,0x00000000f0880000)
 ParOldGen       total 92160K, used 38276K [0x00000000a0000000, 0x00000000a5a00000, 0x00000000e0000000)
  object space 92160K, 41% used [0x00000000a0000000,0x00000000a25611c8,0x00000000a5a00000)
 Metaspace       used 57755K, capacity 59288K, committed 59648K, reserved 1101824K
  class space    used 7553K, capacity 7840K, committed 7936K, reserved 1048576K
Event: 78.354 GC heap after
Heap after GC invocations=18 (full 3):
 PSYoungGen      total 270848K, used 14241K [0x00000000e0000000, 0x00000000f4880000, 0x0000000100000000)
  eden space 246784K, 0% used [0x00000000e0000000,0x00000000e0000000,0x00000000ef100000)
  from space 24064K, 59% used [0x00000000ef100000,0x00000000efee87f0,0x00000000f0880000)
  to   space 24064K, 0% used [0x00000000f3100000,0x00000000f3100000,0x00000000f4880000)
 ParOldGen       total 92160K, used 38284K [0x00000000a0000000, 0x00000000a5a00000, 0x00000000e0000000)
  object space 92160K, 41% used [0x00000000a0000000,0x00000000a25631c8,0x00000000a5a00000)
 Metaspace       used 57755K, capacity 59288K, committed 59648K, reserved 1101824K
  class space    used 7553K, capacity 7840K, committed 7936K, reserved 1048576K
}
Event: 87.196 GC heap before
{Heap before GC invocations=19 (full 3):
 PSYoungGen      total 270848K, used 261012K [0x00000000e0000000, 0x00000000f4880000, 0x0000000100000000)
  eden space 246784K, 99% used [0x00000000e0000000,0x00000000ef0fcae8,0x00000000ef100000)
  from space 24064K, 59% used [0x00000000ef100000,0x00000000efee87f0,0x00000000f0880000)
  to   space 24064K, 0% used [0x00000000f3100000,0x00000000f3100000,0x00000000f4880000)
 ParOldGen       total 92160K, used 38284K [0x00000000a0000000, 0x00000000a5a00000, 0x00000000e0000000)
  object space 92160K, 41% used [0x00000000a0000000,0x00000000a25631c8,0x00000000a5a00000)
 Metaspace       used 63992K, capacity 65802K, committed 66048K, reserved 1105920K
  class space    used 8327K, capacity 8673K, committed 8704K, reserved 1048576K
Event: 87.216 GC heap after
Heap after GC invocations=19 (full 3):
 PSYoungGen      total 300032K, used 12802K [0x00000000e0000000, 0x00000000f4180000, 0x0000000100000000)
  eden space 283136K, 0% used [0x00000000e0000000,0x00000000e0000000,0x00000000f1480000)
  from space 16896K, 75% used [0x00000000f3100000,0x00000000f3d808c8,0x00000000f4180000)
  to   space 23040K, 0% used [0x00000000f1480000,0x00000000f1480000,0x00000000f2b00000)
 ParOldGen       total 92160K, used 38300K [0x00000000a0000000, 0x00000000a5a00000, 0x00000000e0000000)
  object space 92160K, 41% used [0x00000000a0000000,0x00000000a25671c8,0x00000000a5a00000)
 Metaspace       used 63992K, capacity 65802K, committed 66048K, reserved 1105920K
  class space    used 8327K, capacity 8673K, committed 8704K, reserved 1048576K
}
Event: 91.071 GC heap before
{Heap before GC invocations=20 (full 3):
 PSYoungGen      total 300032K, used 295938K [0x00000000e0000000, 0x00000000f4180000, 0x0000000100000000)
  eden space 283136K, 100% used [0x00000000e0000000,0x00000000f1480000,0x00000000f1480000)
  from space 16896K, 75% used [0x00000000f3100000,0x00000000f3d808c8,0x00000000f4180000)
  to   space 23040K, 0% used [0x00000000f1480000,0x00000000f1480000,0x00000000f2b00000)
 ParOldGen       total 92160K, used 38300K [0x00000000a0000000, 0x00000000a5a00000, 0x00000000e0000000)
  object space 92160K, 41% used [0x00000000a0000000,0x00000000a25671c8,0x00000000a5a00000)
 Metaspace       used 67796K, capacity 69698K, committed 69760K, reserved 1110016K
  class space    used 8711K, capacity 9061K, committed 9088K, reserved 1048576K
Event: 91.115 GC heap after
Heap after GC invocations=20 (full 3):
 PSYoungGen      total 306176K, used 23024K [0x00000000e0000000, 0x00000000f7b80000, 0x0000000100000000)
  eden space 283136K, 0% used [0x00000000e0000000,0x00000000e0000000,0x00000000f1480000)
  from space 23040K, 99% used [0x00000000f1480000,0x00000000f2afc0b0,0x00000000f2b00000)
  to   space 28672K, 0% used [0x00000000f5f80000,0x00000000f5f80000,0x00000000f7b80000)
 ParOldGen       total 92160K, used 45159K [0x00000000a0000000, 0x00000000a5a00000, 0x00000000e0000000)
  object space 92160K, 49% used [0x00000000a0000000,0x00000000a2c19c50,0x00000000a5a00000)
 Metaspace       used 67796K, capacity 69698K, committed 69760K, reserved 1110016K
  class space    used 8711K, capacity 9061K, committed 9088K, reserved 1048576K
}
Event: 92.760 GC heap before
{Heap before GC invocations=21 (full 3):
 PSYoungGen      total 306176K, used 306160K [0x00000000e0000000, 0x00000000f7b80000, 0x0000000100000000)
  eden space 283136K, 100% used [0x00000000e0000000,0x00000000f1480000,0x00000000f1480000)
  from space 23040K, 99% used [0x00000000f1480000,0x00000000f2afc0b0,0x00000000f2b00000)
  to   space 28672K, 0% used [0x00000000f5f80000,0x00000000f5f80000,0x00000000f7b80000)
 ParOldGen       total 92160K, used 45159K [0x00000000a0000000, 0x00000000a5a00000, 0x00000000e0000000)
  object space 92160K, 49% used [0x00000000a0000000,0x00000000a2c19c50,0x00000000a5a00000)
 Metaspace       used 67928K, capacity 69826K, committed 70016K, reserved 1110016K
  class space    used 8711K, capacity 9061K, committed 9088K, reserved 1048576K
Event: 92.852 GC heap after
Heap after GC invocations=21 (full 3):
 PSYoungGen      total 343552K, used 28663K [0x00000000e0000000, 0x00000000fa500000, 0x0000000100000000)
  eden space 314880K, 0% used [0x00000000e0000000,0x00000000e0000000,0x00000000f3380000)
  from space 28672K, 99% used [0x00000000f5f80000,0x00000000f7b7df08,0x00000000f7b80000)
  to   space 45056K, 0% used [0x00000000f3380000,0x00000000f3380000,0x00000000f5f80000)
 ParOldGen       total 92160K, used 78739K [0x00000000a0000000, 0x00000000a5a00000, 0x00000000e0000000)
  object space 92160K, 85% used [0x00000000a0000000,0x00000000a4ce4e60,0x00000000a5a00000)
 Metaspace       used 67928K, capacity 69826K, committed 70016K, reserved 1110016K
  class space    used 8711K, capacity 9061K, committed 9088K, reserved 1048576K
}
Event: 92.852 GC heap before
{Heap before GC invocations=22 (full 4):
 PSYoungGen      total 343552K, used 28663K [0x00000000e0000000, 0x00000000fa500000, 0x0000000100000000)
  eden space 314880K, 0% used [0x00000000e0000000,0x00000000e0000000,0x00000000f3380000)
  from space 28672K, 99% used [0x00000000f5f80000,0x00000000f7b7df08,0x00000000f7b80000)
  to   space 45056K, 0% used [0x00000000f3380000,0x00000000f3380000,0x00000000f5f80000)
 ParOldGen       total 92160K, used 78739K [0x00000000a0000000, 0x00000000a5a00000, 0x00000000e0000000)
  object space 92160K, 85% used [0x00000000a0000000,0x00000000a4ce4e60,0x00000000a5a00000)
 Metaspace       used 67928K, capacity 69826K, committed 70016K, reserved 1110016K
  class space    used 8711K, capacity 9061K, committed 9088K, reserved 1048576K
Event: 93.459 GC heap after
Heap after GC invocations=22 (full 4):
 PSYoungGen      total 343552K, used 0K [0x00000000e0000000, 0x00000000fa500000, 0x0000000100000000)
  eden space 314880K, 0% used [0x00000000e0000000,0x00000000e0000000,0x00000000f3380000)
  from space 28672K, 0% used [0x00000000f5f80000,0x00000000f5f80000,0x00000000f7b80000)
  to   space 45056K, 0% used [0x00000000f3380000,0x00000000f3380000,0x00000000f5f80000)
 ParOldGen       total 204288K, used 90739K [0x00000000a0000000, 0x00000000ac780000, 0x00000000e0000000)
  object space 204288K, 44% used [0x00000000a0000000,0x00000000a589cf60,0x00000000ac780000)
 Metaspace       used 67920K, capacity 69806K, committed 70016K, reserved 1110016K
  class space    used 8708K, capacity 9057K, committed 9088K, reserved 1048576K
}

